[debug] > Exec(early(addDefaultCommands), None, None)
[debug] > Exec(addDefaultCommands, None, None)
[debug] > Exec(early(initialize), None, None)
[debug] > Exec(initialize, None, None)
[debug] > Exec(early(addPluginSbtFile="""C:\Users\super\AppData\Local\Temp\idea.sbt"""), None, None)
[debug] > Exec(addPluginSbtFile="""C:\Users\super\AppData\Local\Temp\idea.sbt""", None, None)
[debug] > Exec(boot, None, None)
[debug] > Exec(writeSbtVersion, None, None)
[debug] > Exec(reload, None, None)
[debug] > Exec(sbtStashOnFailure, None, None)
[debug] > Exec(onFailure loadFailed, None, None)
[debug] > Exec(loadp, None, None)
[info] welcome to sbt 1.4.4 (Oracle Corporation Java 15.0.1)
[debug]       Load.loadUnit: plugins took 130.9392ms
[debug]       Load.loadUnit: defsScala took 0.457ms
[debug] [Loading] Scanning directory C:\Users\super\.sbt\1.0\plugins
[debug] [Loading] Found non-root projects 
[debug] [Loading] Done in C:\Users\super\.sbt\1.0\plugins, returning: ()
[debug] deducing auto plugins based on known facts Set(Atom(sbt.plugins.CorePlugin)) and clauses Clauses(List(Clause(Atom(sbt.plugins.JvmPlugin),Set(Atom(sbt.plugins.IvyPlugin))), Clause(Atom(sbt.ScriptedPlugin),Set(Atom(sbt.plugins.JvmPlugin))), Clause(Atom(sbt.plugins.SbtPlugin),Set(Atom(sbt.ScriptedPlugin))), Clause(Atom(sbt.plugins.SemanticdbPlugin),Set(Atom(sbt.plugins.JvmPlugin))), Clause(Atom(sbt.plugins.JUnitXmlReportPlugin),Set(Atom(sbt.plugins.JvmPlugin))), Clause(Atom(sbt.plugins.MiniDependencyTreePlugin),Set(Atom(sbt.plugins.JvmPlugin))), Clause(Atom(sbt.plugins.CorePlugin),Set(Atom(sbt.plugins.IvyPlugin))), Clause(Atom(sbt.plugins.IvyPlugin),Set(Atom(sbt.plugins.JvmPlugin))), Clause(Atom(sbt.plugins.JvmPlugin),Set(Atom(sbt.plugins.SemanticdbPlugin))), Clause(Atom(sbt.plugins.JvmPlugin),Set(Atom(sbt.plugins.JUnitXmlReportPlugin))), Clause(Atom(sbt.plugins.CorePlugin),Set(Atom(sbt.plugins.Giter8TemplatePlugin))), Clause(Atom(sbt.plugins.JvmPlugin),Set(Atom(sbt.plugins.MiniDependencyTreePlugin)))))
[debug]   :: deduced result: Matched(sbt.plugins.CorePlugin,sbt.plugins.Giter8TemplatePlugin,sbt.plugins.IvyPlugin,sbt.plugins.JvmPlugin,sbt.plugins.MiniDependencyTreePlugin,sbt.plugins.JUnitXmlReportPlugin,sbt.plugins.SemanticdbPlugin)
[debug] Plugins.deducer#function took 27.0095 ms
[debug]           Load.resolveProject(global-plugins) took 51.4212ms
[debug]         Load.loadTransitive: finalizeProject(Project(id global-plugins, base: C:\Users\super\.sbt\1.0\plugins, plugins: List(<none>))) took 104.9556ms
[debug] [Loading] Done in C:\Users\super\.sbt\1.0\plugins, returning: (global-plugins)
[debug]       Load.loadUnit: loadedProjectsRaw took 137.2473ms
[debug]       Load.loadUnit: cleanEvalClasses took 0.3744ms
[debug]     Load.loadUnit(file:/C:/Users/super/.sbt/1.0/plugins/, ...) took 283.8876ms
[debug]   Load.apply: load took 496.9796ms
[debug]   Load.apply: resolveProjects took 6.4177ms
[debug]   Load.apply: finalTransforms took 89.0983ms
[debug]   Load.apply: config.delegates took 10.737ms
[debug]   Load.apply: Def.make(settings)... took 1595.6999ms
[debug]   Load.apply: structureIndex took 137.6791ms
[debug]   Load.apply: mkStreams took 2.4396ms
[info] loading global plugins from C:\Users\super\.sbt\1.0\plugins
[debug] Running task... Cancel: Signal, check cycles: false, forcegc: true
[debug] Load.defaultLoad until apply took 4176.6603ms
[debug]           Load.loadUnit: plugins took 37.3674ms
[debug]           Load.loadUnit: defsScala took 0.004ms
[debug] [Loading] Scanning directory G:\Documenti\Università\V Anno\Systemes distribué\systeme-distribues\dist_make\project
[debug]             Load.loadUnit: mkEval took 5.2636ms
[debug] [Loading] Found non-root projects 
[debug] [Loading] Done in G:\Documenti\Università\V Anno\Systemes distribué\systeme-distribues\dist_make\project, returning: ()
[debug] deducing auto plugins based on known facts Set(Atom(sbt.plugins.CorePlugin)) and clauses Clauses(List(Clause(Atom(sbt.plugins.JvmPlugin),Set(Atom(sbt.plugins.IvyPlugin))), Clause(Atom(sbt.ScriptedPlugin),Set(Atom(sbt.plugins.JvmPlugin))), Clause(Atom(sbt.plugins.SbtPlugin),Set(Atom(sbt.ScriptedPlugin))), Clause(Atom(sbt.plugins.SemanticdbPlugin),Set(Atom(sbt.plugins.JvmPlugin))), Clause(Atom(sbt.plugins.JUnitXmlReportPlugin),Set(Atom(sbt.plugins.JvmPlugin))), Clause(Atom(sbt.plugins.MiniDependencyTreePlugin),Set(Atom(sbt.plugins.JvmPlugin))), Clause(Atom(sbt.plugins.CorePlugin),Set(Atom(sbt.plugins.IvyPlugin))), Clause(Atom(sbt.plugins.IvyPlugin),Set(Atom(sbt.plugins.JvmPlugin))), Clause(Atom(sbt.plugins.JvmPlugin),Set(Atom(sbt.plugins.SemanticdbPlugin))), Clause(Atom(sbt.plugins.JvmPlugin),Set(Atom(sbt.plugins.JUnitXmlReportPlugin))), Clause(Atom(sbt.plugins.CorePlugin),Set(Atom(sbt.plugins.Giter8TemplatePlugin))), Clause(Atom(sbt.plugins.JvmPlugin),Set(Atom(sbt.plugins.MiniDependencyTreePlugin)))))
[debug]   :: deduced result: Matched(sbt.plugins.CorePlugin,sbt.plugins.Giter8TemplatePlugin,sbt.plugins.IvyPlugin,sbt.plugins.JvmPlugin,sbt.plugins.MiniDependencyTreePlugin,sbt.plugins.JUnitXmlReportPlugin,sbt.plugins.SemanticdbPlugin)
[debug] Plugins.deducer#function took 5.0686 ms
[info] loading settings for project dist_make-build from plugins.sbt,idea.sbt ...
[debug]               Load.resolveProject(dist_make-build) took 10.7065ms
[debug]             Load.loadTransitive: finalizeProject(Project(id dist_make-build, base: G:\Documenti\Università\V Anno\Systemes distribué\systeme-distribues\dist_make\project, plugins: List(<none>))) took 16.7979ms
[debug] [Loading] Done in G:\Documenti\Università\V Anno\Systemes distribué\systeme-distribues\dist_make\project, returning: (dist_make-build)
[debug]           Load.loadUnit: loadedProjectsRaw took 2554.6157ms
[debug]           Load.loadUnit: cleanEvalClasses took 29.8804ms
[debug]         Load.loadUnit(file:/G:/Documenti/Università/V%20Anno/Systemes%20distribué/systeme-distribues/dist_make/project/, ...) took 2623.6436ms
[debug]       Load.apply: load took 2626.7814ms
[debug]       Load.apply: resolveProjects took 0.256ms
[debug]       Load.apply: finalTransforms took 80.4029ms
[debug]       Load.apply: config.delegates took 0.6962ms
[debug]       Load.apply: Def.make(settings)... took 320.108ms
[debug]       Load.apply: structureIndex took 80.5793ms
[debug]       Load.apply: mkStreams took 0.0027ms
[info] loading project definition from G:\Documenti\Università\V Anno\Systemes distribué\systeme-distribues\dist_make\project
[debug] Running task... Cancel: Signal, check cycles: false, forcegc: true
[debug]     Load.loadUnit: plugins took 5603.611ms
[debug]     Load.loadUnit: defsScala took 0.0046ms
[debug] [Loading] Scanning directory G:\Documenti\Università\V Anno\Systemes distribué\systeme-distribues\dist_make
[debug]       Load.loadUnit: mkEval took 0.3824ms
[debug] [Loading] Found non-root projects 
[debug] [Loading] Done in G:\Documenti\Università\V Anno\Systemes distribué\systeme-distribues\dist_make, returning: ()
[debug] deducing auto plugins based on known facts Set(Atom(sbt.plugins.CorePlugin)) and clauses Clauses(List(Clause(Atom(sbt.plugins.JvmPlugin),Set(Atom(sbt.plugins.IvyPlugin))), Clause(Atom(sbt.ScriptedPlugin),Set(Atom(sbt.plugins.JvmPlugin))), Clause(Atom(sbt.plugins.SbtPlugin),Set(Atom(sbt.ScriptedPlugin))), Clause(Atom(sbt.plugins.SemanticdbPlugin),Set(Atom(sbt.plugins.JvmPlugin))), Clause(Atom(sbt.plugins.JUnitXmlReportPlugin),Set(Atom(sbt.plugins.JvmPlugin))), Clause(Atom(sbt.plugins.MiniDependencyTreePlugin),Set(Atom(sbt.plugins.JvmPlugin))), Clause(Atom(sbtide.ConfigPlugin),Set(Atom(sbt.plugins.JvmPlugin))), Clause(Atom(org.jetbrains.sbt.StructurePlugin),Set(Atom(sbt.plugins.JvmPlugin))), Clause(Atom(org.jetbrains.sbt.IdeaShellPlugin),Set(Atom(sbt.plugins.JvmPlugin))), Clause(Atom(org.jetbrains.sbt.indices.SbtIntellijIndicesPlugin),Set(Atom(sbt.plugins.JvmPlugin))), Clause(Atom(sbt.plugins.CorePlugin),Set(Atom(sbt.plugins.IvyPlugin))), Clause(Atom(sbt.plugins.IvyPlugin),Set(Atom(sbt.plugins.JvmPlugin))), Clause(Atom(sbt.plugins.JvmPlugin),Set(Atom(sbt.plugins.SemanticdbPlugin))), Clause(Atom(sbt.plugins.JvmPlugin),Set(Atom(sbt.plugins.JUnitXmlReportPlugin))), Clause(Atom(sbt.plugins.CorePlugin),Set(Atom(sbt.plugins.Giter8TemplatePlugin))), Clause(Atom(sbt.plugins.JvmPlugin),Set(Atom(sbt.plugins.MiniDependencyTreePlugin))), Clause(Atom(sbt.plugins.JvmPlugin),Set(Atom(org.jetbrains.sbt.StructurePlugin))), Clause(Atom(sbt.plugins.JvmPlugin),Set(Atom(org.jetbrains.sbt.IdeaShellPlugin))), Clause(And(Set(Atom(sbt.plugins.CorePlugin), Atom(sbt.plugins.JvmPlugin))),Set(Atom(org.jetbrains.sbt.indices.SbtIntellijIndicesPlugin)))))
[debug]   :: deduced result: Matched(sbt.plugins.CorePlugin,sbt.plugins.Giter8TemplatePlugin,sbt.plugins.IvyPlugin,sbt.plugins.JvmPlugin,sbt.plugins.SemanticdbPlugin,org.jetbrains.sbt.indices.SbtIntellijIndicesPlugin,sbt.plugins.JUnitXmlReportPlugin,org.jetbrains.sbt.IdeaShellPlugin,org.jetbrains.sbt.StructurePlugin,sbt.plugins.MiniDependencyTreePlugin)
[debug] Plugins.deducer#function took 2.5461 ms
[info] loading settings for project dist_make from build.sbt ...
[debug]         Load.resolveProject(dist_make) took 33.5202ms
[debug]       Load.loadTransitive: finalizeProject(Project(id dist_make, base: G:\Documenti\Università\V Anno\Systemes distribué\systeme-distribues\dist_make, plugins: List(<none>))) took 37.2824ms
[debug] [Loading] Done in G:\Documenti\Università\V Anno\Systemes distribué\systeme-distribues\dist_make, returning: (dist_make)
[debug]     Load.loadUnit: loadedProjectsRaw took 1632.43ms
[debug]     Load.loadUnit: cleanEvalClasses took 44.8846ms
[debug]   Load.loadUnit(file:/G:/Documenti/Università/V%20Anno/Systemes%20distribué/systeme-distribues/dist_make/, ...) took 7282.1763ms
[debug] Load.apply: load took 7287.8836ms
[debug] Load.apply: resolveProjects took 0.1982ms
[debug] Load.apply: finalTransforms took 54.876ms
[debug] Load.apply: config.delegates took 0.3583ms
[debug] Load.apply: Def.make(settings)... took 258.7578ms
[debug] Load.apply: structureIndex took 50.4824ms
[debug] Load.apply: mkStreams took 0.0033ms
[info] set current project to dist_make (in build file:/G:/Documenti/Università/V%20Anno/Systemes%20distribué/systeme-distribues/dist_make/)
[debug] > Exec(sbtPopOnFailure, None, None)
[debug] > Exec(resumeFromFailure, None, None)
[debug] > Exec(notifyUsersAboutShell, None, None)
[debug] > Exec(iflast shell, None, None)
[debug] > Exec(; set ideaPort in Global := 61501 ; idea-shell, None, None)
[debug] > Exec(set ideaPort in Global := 61501, None, None)
[info] Defining Global / ideaPort
[info] The new value will be used by Compile / compile, Test / compile
[debug] Defining 
[debug] 	Global / ideaPort
[debug] 
[debug] The new value will be used by 
[debug] 	Compile / compile
[debug] 	Test / compile
[info] Reapplying settings...
[info] set current project to dist_make (in build file:/G:/Documenti/Università/V%20Anno/Systemes%20distribué/systeme-distribues/dist_make/)
[debug] > Exec(idea-shell, None, None)
