[0m[[0m[0mdebug[0m] [0m[0m> Exec(early(addDefaultCommands), None, None)[0m
[0m[[0m[0mdebug[0m] [0m[0m> Exec(addDefaultCommands, None, None)[0m
[0m[[0m[0mdebug[0m] [0m[0m> Exec(early(initialize), None, None)[0m
[0m[[0m[0mdebug[0m] [0m[0m> Exec(initialize, None, None)[0m
[0m[[0m[0mdebug[0m] [0m[0m> Exec(boot, None, None)[0m
[0m[[0m[0mdebug[0m] [0m[0m> Exec(writeSbtVersion, None, None)[0m
[0m[[0m[0mdebug[0m] [0m[0m> Exec(reload, None, None)[0m
[0m[[0m[0mdebug[0m] [0m[0m> Exec(sbtStashOnFailure, None, None)[0m
[0m[[0m[0mdebug[0m] [0m[0m> Exec(onFailure loadFailed, None, None)[0m
[0m[[0m[0mdebug[0m] [0m[0m> Exec(loadp, None, None)[0m
[0m[[0m[0minfo[0m] [0m[0mwelcome to sbt 1.4.4 (Private Build Java 1.8.0_275)[0m
[0m[[0m[0mdebug[0m] [0m[0mLoad.defaultLoad until apply took 1615.160544ms[0m
[0m[[0m[0mdebug[0m] [0m[0m          Load.loadUnit: plugins took 297.832389ms[0m
[0m[[0m[0mdebug[0m] [0m[0m          Load.loadUnit: defsScala took 0.957406ms[0m
[0m[[0m[0mdebug[0m] [0m[0m[Loading] Scanning directory /home/gabriele/Documents/systeme-distribues/dist_make/project[0m
[0m[[0m[0mdebug[0m] [0m[0m            Load.loadUnit: mkEval took 16.92688ms[0m
[0m[[0m[0mdebug[0m] [0m[0m[Loading] Found non-root projects [0m
[0m[[0m[0mdebug[0m] [0m[0m[Loading] Done in /home/gabriele/Documents/systeme-distribues/dist_make/project, returning: ()[0m
[0m[[0m[0mdebug[0m] [0m[0mdeducing auto plugins based on known facts Set(Atom(sbt.plugins.CorePlugin)) and clauses Clauses(List(Clause(Atom(sbt.plugins.JvmPlugin),Set(Atom(sbt.plugins.IvyPlugin))), Clause(Atom(sbt.ScriptedPlugin),Set(Atom(sbt.plugins.JvmPlugin))), Clause(Atom(sbt.plugins.SbtPlugin),Set(Atom(sbt.ScriptedPlugin))), Clause(Atom(sbt.plugins.SemanticdbPlugin),Set(Atom(sbt.plugins.JvmPlugin))), Clause(Atom(sbt.plugins.JUnitXmlReportPlugin),Set(Atom(sbt.plugins.JvmPlugin))), Clause(Atom(sbt.plugins.MiniDependencyTreePlugin),Set(Atom(sbt.plugins.JvmPlugin))), Clause(Atom(sbt.plugins.CorePlugin),Set(Atom(sbt.plugins.IvyPlugin))), Clause(Atom(sbt.plugins.IvyPlugin),Set(Atom(sbt.plugins.JvmPlugin))), Clause(Atom(sbt.plugins.JvmPlugin),Set(Atom(sbt.plugins.SemanticdbPlugin))), Clause(Atom(sbt.plugins.JvmPlugin),Set(Atom(sbt.plugins.JUnitXmlReportPlugin))), Clause(Atom(sbt.plugins.CorePlugin),Set(Atom(sbt.plugins.Giter8TemplatePlugin))), Clause(Atom(sbt.plugins.JvmPlugin),Set(Atom(sbt.plugins.MiniDependencyTreePlugin)))))[0m
[0m[[0m[0mdebug[0m] [0m[0m  :: deduced result: Matched(sbt.plugins.CorePlugin,sbt.plugins.Giter8TemplatePlugin,sbt.plugins.IvyPlugin,sbt.plugins.JvmPlugin,sbt.plugins.MiniDependencyTreePlugin,sbt.plugins.JUnitXmlReportPlugin,sbt.plugins.SemanticdbPlugin)[0m
[0m[[0m[0mdebug[0m] [0m[0mPlugins.deducer#function took 76.002844 ms[0m
[0m[[0m[0minfo[0m] [0m[0mloading settings for project dist_make-build from plugins.sbt ...[0m
[0m[[0m[0mdebug[0m] [0m[0m              Load.resolveProject(dist_make-build) took 165.722034ms[0m
[0m[[0m[0mdebug[0m] [0m[0m            Load.loadTransitive: finalizeProject(Project(id dist_make-build, base: /home/gabriele/Documents/systeme-distribues/dist_make/project, plugins: List(<none>))) took 274.672897ms[0m
[0m[[0m[0mdebug[0m] [0m[0m[Loading] Done in /home/gabriele/Documents/systeme-distribues/dist_make/project, returning: (dist_make-build)[0m
[0m[[0m[0mdebug[0m] [0m[0m          Load.loadUnit: loadedProjectsRaw took 7523.083754ms[0m
[0m[[0m[0mdebug[0m] [0m[0m          Load.loadUnit: cleanEvalClasses took 18.645056ms[0m
[0m[[0m[0mdebug[0m] [0m[0m        Load.loadUnit(file:/home/gabriele/Documents/systeme-distribues/dist_make/project/, ...) took 7857.58852ms[0m
[0m[[0m[0mdebug[0m] [0m[0m      Load.apply: load took 8220.768166ms[0m
[0m[[0m[0mdebug[0m] [0m[0m      Load.apply: resolveProjects took 12.371318ms[0m
[0m[[0m[0mdebug[0m] [0m[0m      Load.apply: finalTransforms took 176.173521ms[0m
[0m[[0m[0mdebug[0m] [0m[0m      Load.apply: config.delegates took 18.268552ms[0m
[0m[[0m[0mdebug[0m] [0m[0m      Load.apply: Def.make(settings)... took 1760.419219ms[0m
[0m[[0m[0mdebug[0m] [0m[0m      Load.apply: structureIndex took 423.275685ms[0m
[0m[[0m[0mdebug[0m] [0m[0m      Load.apply: mkStreams took 5.82152ms[0m
[0m[[0m[0minfo[0m] [0m[0mloading project definition from /home/gabriele/Documents/systeme-distribues/dist_make/project[0m
[0m[[0m[0mdebug[0m] [0m[0mRunning task... Cancel: Signal, check cycles: false, forcegc: true[0m
[0m[[0m[0mdebug[0m] [0m[0m    Load.loadUnit: plugins took 18662.6678ms[0m
[0m[[0m[0mdebug[0m] [0m[0m    Load.loadUnit: defsScala took 0.009411ms[0m
[0m[[0m[0mdebug[0m] [0m[0m[Loading] Scanning directory /home/gabriele/Documents/systeme-distribues/dist_make[0m
[0m[[0m[0mdebug[0m] [0m[0m      Load.loadUnit: mkEval took 0.375163ms[0m
[0m[[0m[0mdebug[0m] [0m[0m[Loading] Found root project dist_make w/ remaining [0m
[0m[[0m[0mdebug[0m] [0m[0mdeducing auto plugins based on known facts Set(Atom(sbt.plugins.CorePlugin)) and clauses Clauses(List(Clause(Atom(sbt.plugins.JvmPlugin),Set(Atom(sbt.plugins.IvyPlugin))), Clause(Atom(sbt.ScriptedPlugin),Set(Atom(sbt.plugins.JvmPlugin))), Clause(Atom(sbt.plugins.SbtPlugin),Set(Atom(sbt.ScriptedPlugin))), Clause(Atom(sbt.plugins.SemanticdbPlugin),Set(Atom(sbt.plugins.JvmPlugin))), Clause(Atom(sbt.plugins.JUnitXmlReportPlugin),Set(Atom(sbt.plugins.JvmPlugin))), Clause(Atom(sbt.plugins.MiniDependencyTreePlugin),Set(Atom(sbt.plugins.JvmPlugin))), Clause(Atom(com.typesafe.sbt.MultiJvmPlugin),Set(Atom(sbt.plugins.JvmPlugin))), Clause(Atom(sbtdynver.DynVerPlugin),Set(Atom(sbt.plugins.JvmPlugin))), Clause(Atom(sbtassembly.AssemblyPlugin),Set(Atom(sbt.plugins.JvmPlugin))), Clause(Atom(sbt.plugins.CorePlugin),Set(Atom(sbt.plugins.IvyPlugin))), Clause(Atom(sbt.plugins.IvyPlugin),Set(Atom(sbt.plugins.JvmPlugin))), Clause(Atom(sbt.plugins.JvmPlugin),Set(Atom(sbt.plugins.SemanticdbPlugin))), Clause(Atom(sbt.plugins.JvmPlugin),Set(Atom(sbt.plugins.JUnitXmlReportPlugin))), Clause(Atom(sbt.plugins.CorePlugin),Set(Atom(sbt.plugins.Giter8TemplatePlugin))), Clause(Atom(sbt.plugins.JvmPlugin),Set(Atom(sbt.plugins.MiniDependencyTreePlugin))), Clause(Atom(sbt.plugins.JvmPlugin),Set(Atom(sbtdynver.DynVerPlugin))), Clause(Atom(sbt.plugins.JvmPlugin),Set(Atom(sbtassembly.AssemblyPlugin)))))[0m
[0m[[0m[0mdebug[0m] [0m[0m  :: deduced result: Matched(sbt.plugins.CorePlugin,sbt.plugins.Giter8TemplatePlugin,sbt.plugins.IvyPlugin,sbt.plugins.JvmPlugin,sbt.plugins.SemanticdbPlugin,sbt.plugins.JUnitXmlReportPlugin,sbtassembly.AssemblyPlugin,sbtdynver.DynVerPlugin,sbt.plugins.MiniDependencyTreePlugin)[0m
[0m[[0m[0mdebug[0m] [0m[0mPlugins.deducer#function took 4.210489 ms[0m
[0m[[0m[0minfo[0m] [0m[0mloading settings for project dist_make from build.sbt ...[0m
[0m[[0m[0mdebug[0m] [0m[0m        Load.resolveProject(dist_make) took 23.216858ms[0m
[0m[[0m[0mdebug[0m] [0m[0m      Load.loadTransitive: finalizeProject(Project(id dist_make, base: /home/gabriele/Documents/systeme-distribues/dist_make, configurations: List(multi-jvm), plugins: List(<none>))) took 31.008517ms[0m
[0m[[0m[0mdebug[0m] [0m[0m[Loading] Done in /home/gabriele/Documents/systeme-distribues/dist_make, returning: (dist_make)[0m
[0m[[0m[0mdebug[0m] [0m[0m    Load.loadUnit: loadedProjectsRaw took 3548.970082ms[0m
[0m[[0m[0mdebug[0m] [0m[0m    Load.loadUnit: cleanEvalClasses took 1.383196ms[0m
[0m[[0m[0mdebug[0m] [0m[0m  Load.loadUnit(file:/home/gabriele/Documents/systeme-distribues/dist_make/, ...) took 22216.694792ms[0m
[0m[[0m[0mdebug[0m] [0m[0mLoad.apply: load took 22318.764744ms[0m
[0m[[0m[0mdebug[0m] [0m[0mLoad.apply: resolveProjects took 0.333929ms[0m
[0m[[0m[0mdebug[0m] [0m[0mLoad.apply: finalTransforms took 84.420365ms[0m
[0m[[0m[0mdebug[0m] [0m[0mLoad.apply: config.delegates took 1.274988ms[0m
[0m[[0m[0mdebug[0m] [0m[0mLoad.apply: Def.make(settings)... took 530.171779ms[0m
[0m[[0m[0mdebug[0m] [0m[0mLoad.apply: structureIndex took 142.76942ms[0m
[0m[[0m[0mdebug[0m] [0m[0mLoad.apply: mkStreams took 0.006223ms[0m
[0m[[0m[0minfo[0m] [0m[0mset current project to dist_make (in build file:/home/gabriele/Documents/systeme-distribues/dist_make/)[0m
[0m[[0m[0mdebug[0m] [0m[0m> Exec(sbtPopOnFailure, None, None)[0m
[0m[[0m[0mdebug[0m] [0m[0m> Exec(resumeFromFailure, None, None)[0m
[0m[[0m[0mdebug[0m] [0m[0m> Exec(notifyUsersAboutShell, None, None)[0m
[0m[[0m[0mdebug[0m] [0m[0m> Exec(iflast shell, None, None)[0m
[0m[[0m[0mdebug[0m] [0m[0m> Exec(runMain fr.ensimag.sysd.distr_make.App frontend 0, None, None)[0m
[0m[[0m[0mdebug[0m] [0m[0mEvaluating tasks: Compile / runMain[0m
[0m[[0m[0mdebug[0m] [0m[0mRunning task... Cancel: Null, check cycles: false, forcegc: true[0m
[0m[[0m[0minfo[0m] [0m[0mcompiling 6 Scala sources to /home/gabriele/Documents/systeme-distribues/dist_make/target/scala-2.13/classes ...[0m
[0m[[0m[33mwarn[0m] [0m[0m/home/gabriele/Documents/systeme-distribues/dist_make/src/main/scala/fr/ensimag/sysd/distr_make/CommandRunner.scala:4:23: Unused import[0m
[0m[[0m[33mwarn[0m] [0m[0mimport scala.language.postfixOps[0m
[0m[[0m[33mwarn[0m] [0m[0m                      ^[0m
[0m[[0m[33mwarn[0m] [0m[0m/home/gabriele/Documents/systeme-distribues/dist_make/src/main/scala/fr/ensimag/sysd/distr_make/Frontend.scala:3:34: Unused import[0m
[0m[[0m[33mwarn[0m] [0m[0mimport scala.collection.mutable.{ListBuffer, Queue, HashSet}[0m
[0m[[0m[33mwarn[0m] [0m[0m                                 ^[0m
[0m[[0m[33mwarn[0m] [0m[0m/home/gabriele/Documents/systeme-distribues/dist_make/src/main/scala/fr/ensimag/sysd/distr_make/Frontend.scala:35:11: local var target in value $anonfun is never updated: consider using immutable val[0m
[0m[[0m[33mwarn[0m] [0m[0m      var target = ""[0m
[0m[[0m[33mwarn[0m] [0m[0m          ^[0m
[0m[[0m[33mwarn[0m] [0m[0m/home/gabriele/Documents/systeme-distribues/dist_make/src/main/scala/fr/ensimag/sysd/distr_make/Frontend.scala:38:11: local var taskQueue in value $anonfun is never updated: consider using immutable val[0m
[0m[[0m[33mwarn[0m] [0m[0m      var taskQueue = Queue[Task]()[0m
[0m[[0m[33mwarn[0m] [0m[0m          ^[0m
[0m[[0m[33mwarn[0m] [0m[0m/home/gabriele/Documents/systeme-distribues/dist_make/src/main/scala/fr/ensimag/sysd/distr_make/Frontend.scala:39:11: local var waitingTasks in value $anonfun is never updated: consider using immutable val[0m
[0m[[0m[33mwarn[0m] [0m[0m      var waitingTasks = HashSet[Task]()[0m
[0m[[0m[33mwarn[0m] [0m[0m          ^[0m
[0m[[0m[33mwarn[0m] [0m[0m/home/gabriele/Documents/systeme-distribues/dist_make/src/main/scala/fr/ensimag/sysd/distr_make/Frontend.scala:40:11: local var taskDone in value $anonfun is never updated: consider using immutable val[0m
[0m[[0m[33mwarn[0m] [0m[0m      var taskDone = HashSet[String]()[0m
[0m[[0m[33mwarn[0m] [0m[0m          ^[0m
[0m[[0m[33mwarn[0m] [0m[0m/home/gabriele/Documents/systeme-distribues/dist_make/src/main/scala/fr/ensimag/sysd/distr_make/make_parse.scala:100:11: local var task in method get_task is never updated: consider using immutable val[0m
[0m[[0m[33mwarn[0m] [0m[0m      var task = new Task(target, List[Task](), "")[0m
[0m[[0m[33mwarn[0m] [0m[0m          ^[0m
[0m[[0m[33mwarn[0m] [0m[0m/home/gabriele/Documents/systeme-distribues/dist_make/src/main/scala/fr/ensimag/sysd/distr_make/Frontend.scala:121:13: return statement uses an exception to pass control to the caller of the enclosing named method choiceTask[0m
[0m[[0m[33mwarn[0m] [0m[0m            return waitingtask[0m
[0m[[0m[33mwarn[0m] [0m[0m            ^[0m
[0m[[0m[33mwarn[0m] [0m[0m8 warnings found[0m
[0m[[0m[33mwarn[0m] [0m[0mCompile / run / javaOptions will be ignored, Compile / run / fork is set to false[0m
