[debug] > Exec(compile, None, None)
[debug] Evaluating tasks: Compile / compile
[debug] Running task... Cancel: Signal, check cycles: false, forcegc: true
[info] compiling 3 Scala sources to G:\Documenti\Università\V Anno\Systemes distribué\systeme-distribues\dist_make\target\scala-2.12\classes ...
[info] Non-compiled module 'compiler-bridge_2.12' for Scala 2.12.12. Compiling...
[info]   Compilation completed in 11.799s.
[error] G:\Documenti\Università\V Anno\Systemes distribué\systeme-distribues\dist_make\src\main\scala\fr\ensimag\sysd\distr_make\master_worker.scala:3:8: not found: object akka
[error] import akka.actor.{Actor, ActorRef, ActorSystem, Props}
[error]        ^
[error] G:\Documenti\Università\V Anno\Systemes distribué\systeme-distribues\dist_make\src\main\scala\fr\ensimag\sysd\distr_make\master_worker.scala:4:12: object rogach is not a member of package org
[error] import org.rogach.scallop._
[error]            ^
[error] G:\Documenti\Università\V Anno\Systemes distribué\systeme-distribues\dist_make\src\main\scala\fr\ensimag\sysd\distr_make\master_worker.scala:7:44: not found: type ScallopConf
[error] class Conf(arguments: Seq[String]) extends ScallopConf(arguments) {
[error]                                            ^
[error] G:\Documenti\Università\V Anno\Systemes distribué\systeme-distribues\dist_make\src\main\scala\fr\ensimag\sysd\distr_make\master_worker.scala:7:56: no arguments allowed for nullary constructor Object: ()Object
[error] class Conf(arguments: Seq[String]) extends ScallopConf(arguments) {
[error]                                                        ^
[error] G:\Documenti\Università\V Anno\Systemes distribué\systeme-distribues\dist_make\src\main\scala\fr\ensimag\sysd\distr_make\master_worker.scala:8:3: not found: value version
[error]   version("distributed make (c) 2020 Degola G., Giardina S., Privitera C.A., Stentzel Q.")
[error]   ^
[error] G:\Documenti\Università\V Anno\Systemes distribué\systeme-distribues\dist_make\src\main\scala\fr\ensimag\sysd\distr_make\master_worker.scala:9:3: not found: value banner
[error]   banner("""Usage: make [OPTION]
[error]   ^
[error] G:\Documenti\Università\V Anno\Systemes distribué\systeme-distribues\dist_make\src\main\scala\fr\ensimag\sysd\distr_make\master_worker.scala:15:18: not found: value opt
[error]   val filename = opt[String]("file", descr = "path to Makefile")
[error]                  ^
[error] G:\Documenti\Università\V Anno\Systemes distribué\systeme-distribues\dist_make\src\main\scala\fr\ensimag\sysd\distr_make\master_worker.scala:15:38: not found: value descr
[error]   val filename = opt[String]("file", descr = "path to Makefile")
[error]                                      ^
[error] G:\Documenti\Università\V Anno\Systemes distribué\systeme-distribues\dist_make\src\main\scala\fr\ensimag\sysd\distr_make\master_worker.scala:16:16: not found: value opt
[error]   val target = opt[String]("target", descr = "makefile's target to build")
[error]                ^
[error] G:\Documenti\Università\V Anno\Systemes distribué\systeme-distribues\dist_make\src\main\scala\fr\ensimag\sysd\distr_make\master_worker.scala:16:38: not found: value descr
[error]   val target = opt[String]("target", descr = "makefile's target to build")
[error]                                      ^
[error] G:\Documenti\Università\V Anno\Systemes distribué\systeme-distribues\dist_make\src\main\scala\fr\ensimag\sysd\distr_make\master_worker.scala:17:3: not found: value verify
[error]   verify()
[error]   ^
[error] G:\Documenti\Università\V Anno\Systemes distribué\systeme-distribues\dist_make\src\main\scala\fr\ensimag\sysd\distr_make\master_worker.scala:27:51: not found: type ActorRef
[error] case class InitWorker(task: Task, toContact: List[ActorRef])
[error]                                                   ^
[error] G:\Documenti\Università\V Anno\Systemes distribué\systeme-distribues\dist_make\src\main\scala\fr\ensimag\sysd\distr_make\master_worker.scala:33:22: not found: type Actor
[error] class Master extends Actor {
[error]                      ^
[error] G:\Documenti\Università\V Anno\Systemes distribué\systeme-distribues\dist_make\src\main\scala\fr\ensimag\sysd\distr_make\master_worker.scala:34:27: not found: type ActorRef
[error]   var stack = Map[String, ActorRef]()
[error]                           ^
[error] G:\Documenti\Università\V Anno\Systemes distribué\systeme-distribues\dist_make\src\main\scala\fr\ensimag\sysd\distr_make\master_worker.scala:48:22: not found: value context
[error]         val worker = context.actorOf(Props[Worker], name = task.target)
[error]                      ^
[error] G:\Documenti\Università\V Anno\Systemes distribué\systeme-distribues\dist_make\src\main\scala\fr\ensimag\sysd\distr_make\master_worker.scala:48:38: not found: value Props
[error]         val worker = context.actorOf(Props[Worker], name = task.target)
[error]                                      ^
[error] G:\Documenti\Università\V Anno\Systemes distribué\systeme-distribues\dist_make\src\main\scala\fr\ensimag\sysd\distr_make\master_worker.scala:48:53: not found: value name
[error]         val worker = context.actorOf(Props[Worker], name = task.target)
[error]                                                     ^
[error] G:\Documenti\Università\V Anno\Systemes distribué\systeme-distribues\dist_make\src\main\scala\fr\ensimag\sysd\distr_make\master_worker.scala:67:17: missing parameter type for expanded function
[error] The argument types of an anonymous function must be fully known. (SLS 8.5)
[error] Expected type was: ?
[error]   def receive = {
[error]                 ^
[error] G:\Documenti\Università\V Anno\Systemes distribué\systeme-distribues\dist_make\src\main\scala\fr\ensimag\sysd\distr_make\master_worker.scala:70:33: not found: value self
[error]       println("initializing " + self.path.name + " actor...")
[error]                                 ^
[error] G:\Documenti\Università\V Anno\Systemes distribué\systeme-distribues\dist_make\src\main\scala\fr\ensimag\sysd\distr_make\master_worker.scala:73:21: not found: value context
[error]       val worker =  context.actorOf(Props[Worker], name = root.target)
[error]                     ^
[error] G:\Documenti\Università\V Anno\Systemes distribué\systeme-distribues\dist_make\src\main\scala\fr\ensimag\sysd\distr_make\master_worker.scala:73:37: not found: value Props
[error]       val worker =  context.actorOf(Props[Worker], name = root.target)
[error]                                     ^
[error] G:\Documenti\Università\V Anno\Systemes distribué\systeme-distribues\dist_make\src\main\scala\fr\ensimag\sysd\distr_make\master_worker.scala:73:52: not found: value name
[error]       val worker =  context.actorOf(Props[Worker], name = root.target)
[error]                                                    ^
[error] G:\Documenti\Università\V Anno\Systemes distribué\systeme-distribues\dist_make\src\main\scala\fr\ensimag\sysd\distr_make\master_worker.scala:82:7: not found: value context
[error]       context.system.terminate()
[error]       ^
[error] G:\Documenti\Università\V Anno\Systemes distribué\systeme-distribues\dist_make\src\main\scala\fr\ensimag\sysd\distr_make\master_worker.scala:86:7: not found: value context
[error]       context.system.terminate()
[error]       ^
[error] G:\Documenti\Università\V Anno\Systemes distribué\systeme-distribues\dist_make\src\main\scala\fr\ensimag\sysd\distr_make\master_worker.scala:94:22: not found: type Actor
[error] class Worker extends Actor {
[error]                      ^
[error] G:\Documenti\Università\V Anno\Systemes distribué\systeme-distribues\dist_make\src\main\scala\fr\ensimag\sysd\distr_make\master_worker.scala:98:29: not found: type ActorRef
[error]   var actorsToContact: List[ActorRef] = _   // list of parent workers
[error]                             ^
[error] G:\Documenti\Università\V Anno\Systemes distribué\systeme-distribues\dist_make\src\main\scala\fr\ensimag\sysd\distr_make\master_worker.scala:100:17: missing parameter type for expanded function
[error] The argument types of an anonymous function must be fully known. (SLS 8.5)
[error] Expected type was: ?
[error]   def receive = {
[error]                 ^
[error] G:\Documenti\Università\V Anno\Systemes distribué\systeme-distribues\dist_make\src\main\scala\fr\ensimag\sysd\distr_make\master_worker.scala:102:33: not found: value self
[error]       println("initializing " + self.path.name + " actor...")
[error]                                 ^
[error] G:\Documenti\Università\V Anno\Systemes distribué\systeme-distribues\dist_make\src\main\scala\fr\ensimag\sysd\distr_make\master_worker.scala:109:9: not found: value self
[error]         self ! MakeTask()
[error]         ^
[error] G:\Documenti\Università\V Anno\Systemes distribué\systeme-distribues\dist_make\src\main\scala\fr\ensimag\sysd\distr_make\master_worker.scala:124:9: not found: value context
[error]         context.stop(self)
[error]         ^
[error] G:\Documenti\Università\V Anno\Systemes distribué\systeme-distribues\dist_make\src\main\scala\fr\ensimag\sysd\distr_make\master_worker.scala:124:22: not found: value self
[error]         context.stop(self)
[error]                      ^
[error] G:\Documenti\Università\V Anno\Systemes distribué\systeme-distribues\dist_make\src\main\scala\fr\ensimag\sysd\distr_make\master_worker.scala:132:9: not found: value self
[error]         self ! MakeTask()
[error]         ^
[error] G:\Documenti\Università\V Anno\Systemes distribué\systeme-distribues\dist_make\src\main\scala\fr\ensimag\sysd\distr_make\master_worker.scala:162:16: not found: value ActorSystem
[error]   val system = ActorSystem("distributed-make")
[error]                ^
[error] 33 errors found
[error] (Compile / compileIncremental) Compilation failed
[error] Total time: 15 s, completed 7 dic 2020, 15:07:53
[debug] > Exec(idea-shell, None, None)
