[debug] > Exec(early(addDefaultCommands), None, None)
[debug] > Exec(addDefaultCommands, None, None)
[debug] > Exec(early(initialize), None, None)
[debug] > Exec(initialize, None, None)
[debug] > Exec(early(addPluginSbtFile="""C:\Users\super\AppData\Local\Temp\idea.sbt"""), None, None)
[debug] > Exec(addPluginSbtFile="""C:\Users\super\AppData\Local\Temp\idea.sbt""", None, None)
[debug] > Exec(boot, None, None)
[debug] > Exec(writeSbtVersion, None, None)
[debug] > Exec(reload, None, None)
[debug] > Exec(sbtStashOnFailure, None, None)
[debug] > Exec(onFailure loadFailed, None, None)
[debug] > Exec(loadp, None, None)
[info] welcome to sbt 1.4.4 (Oracle Corporation Java 15.0.1)
[debug]       Load.loadUnit: plugins took 144.0828ms
[debug]       Load.loadUnit: defsScala took 0.4221ms
[debug] [Loading] Scanning directory C:\Users\super\.sbt\1.0\plugins
[debug] [Loading] Found non-root projects 
[debug] [Loading] Done in C:\Users\super\.sbt\1.0\plugins, returning: ()
[debug] deducing auto plugins based on known facts Set(Atom(sbt.plugins.CorePlugin)) and clauses Clauses(List(Clause(Atom(sbt.plugins.JvmPlugin),Set(Atom(sbt.plugins.IvyPlugin))), Clause(Atom(sbt.ScriptedPlugin),Set(Atom(sbt.plugins.JvmPlugin))), Clause(Atom(sbt.plugins.SbtPlugin),Set(Atom(sbt.ScriptedPlugin))), Clause(Atom(sbt.plugins.SemanticdbPlugin),Set(Atom(sbt.plugins.JvmPlugin))), Clause(Atom(sbt.plugins.JUnitXmlReportPlugin),Set(Atom(sbt.plugins.JvmPlugin))), Clause(Atom(sbt.plugins.MiniDependencyTreePlugin),Set(Atom(sbt.plugins.JvmPlugin))), Clause(Atom(sbt.plugins.CorePlugin),Set(Atom(sbt.plugins.IvyPlugin))), Clause(Atom(sbt.plugins.IvyPlugin),Set(Atom(sbt.plugins.JvmPlugin))), Clause(Atom(sbt.plugins.JvmPlugin),Set(Atom(sbt.plugins.SemanticdbPlugin))), Clause(Atom(sbt.plugins.JvmPlugin),Set(Atom(sbt.plugins.JUnitXmlReportPlugin))), Clause(Atom(sbt.plugins.CorePlugin),Set(Atom(sbt.plugins.Giter8TemplatePlugin))), Clause(Atom(sbt.plugins.JvmPlugin),Set(Atom(sbt.plugins.MiniDependencyTreePlugin)))))
[debug]   :: deduced result: Matched(sbt.plugins.CorePlugin,sbt.plugins.Giter8TemplatePlugin,sbt.plugins.IvyPlugin,sbt.plugins.JvmPlugin,sbt.plugins.MiniDependencyTreePlugin,sbt.plugins.JUnitXmlReportPlugin,sbt.plugins.SemanticdbPlugin)
[debug] Plugins.deducer#function took 89.0404 ms
[debug]           Load.resolveProject(global-plugins) took 52.1127ms
[debug]         Load.loadTransitive: finalizeProject(Project(id global-plugins, base: C:\Users\super\.sbt\1.0\plugins, plugins: List(<none>))) took 181.9689ms
[debug] [Loading] Done in C:\Users\super\.sbt\1.0\plugins, returning: (global-plugins)
[debug]       Load.loadUnit: loadedProjectsRaw took 210.3834ms
[debug]       Load.loadUnit: cleanEvalClasses took 0.3064ms
[debug]     Load.loadUnit(file:/C:/Users/super/.sbt/1.0/plugins/, ...) took 369.3323ms
[debug]   Load.apply: load took 722.3877ms
[debug]   Load.apply: resolveProjects took 13.1918ms
[debug]   Load.apply: finalTransforms took 101.9341ms
[debug]   Load.apply: config.delegates took 12.5774ms
[debug]   Load.apply: Def.make(settings)... took 2084.7955ms
[debug]   Load.apply: structureIndex took 159.436ms
[debug]   Load.apply: mkStreams took 2.2706ms
[info] loading global plugins from C:\Users\super\.sbt\1.0\plugins
[debug] Running task... Cancel: Signal, check cycles: false, forcegc: true
[debug] Load.defaultLoad until apply took 6493.2864ms
[debug]           Load.loadUnit: plugins took 30.7162ms
[debug]           Load.loadUnit: defsScala took 0.0037ms
[debug] [Loading] Scanning directory G:\Documenti\Università\V Anno\Systemes distribué\systeme-distribues\dist_make\project
[debug]             Load.loadUnit: mkEval took 7.3775ms
[debug] [Loading] Found non-root projects 
[debug] [Loading] Done in G:\Documenti\Università\V Anno\Systemes distribué\systeme-distribues\dist_make\project, returning: ()
[debug] deducing auto plugins based on known facts Set(Atom(sbt.plugins.CorePlugin)) and clauses Clauses(List(Clause(Atom(sbt.plugins.JvmPlugin),Set(Atom(sbt.plugins.IvyPlugin))), Clause(Atom(sbt.ScriptedPlugin),Set(Atom(sbt.plugins.JvmPlugin))), Clause(Atom(sbt.plugins.SbtPlugin),Set(Atom(sbt.ScriptedPlugin))), Clause(Atom(sbt.plugins.SemanticdbPlugin),Set(Atom(sbt.plugins.JvmPlugin))), Clause(Atom(sbt.plugins.JUnitXmlReportPlugin),Set(Atom(sbt.plugins.JvmPlugin))), Clause(Atom(sbt.plugins.MiniDependencyTreePlugin),Set(Atom(sbt.plugins.JvmPlugin))), Clause(Atom(sbt.plugins.CorePlugin),Set(Atom(sbt.plugins.IvyPlugin))), Clause(Atom(sbt.plugins.IvyPlugin),Set(Atom(sbt.plugins.JvmPlugin))), Clause(Atom(sbt.plugins.JvmPlugin),Set(Atom(sbt.plugins.SemanticdbPlugin))), Clause(Atom(sbt.plugins.JvmPlugin),Set(Atom(sbt.plugins.JUnitXmlReportPlugin))), Clause(Atom(sbt.plugins.CorePlugin),Set(Atom(sbt.plugins.Giter8TemplatePlugin))), Clause(Atom(sbt.plugins.JvmPlugin),Set(Atom(sbt.plugins.MiniDependencyTreePlugin)))))
[debug]   :: deduced result: Matched(sbt.plugins.CorePlugin,sbt.plugins.Giter8TemplatePlugin,sbt.plugins.IvyPlugin,sbt.plugins.JvmPlugin,sbt.plugins.MiniDependencyTreePlugin,sbt.plugins.JUnitXmlReportPlugin,sbt.plugins.SemanticdbPlugin)
[debug] Plugins.deducer#function took 2.0198 ms
[info] loading settings for project dist_make-build from plugins.sbt,idea.sbt ...
[debug]               Load.resolveProject(dist_make-build) took 21.3394ms
[debug]             Load.loadTransitive: finalizeProject(Project(id dist_make-build, base: G:\Documenti\Università\V Anno\Systemes distribué\systeme-distribues\dist_make\project, plugins: List(<none>))) took 24.0948ms
[debug] [Loading] Done in G:\Documenti\Università\V Anno\Systemes distribué\systeme-distribues\dist_make\project, returning: (dist_make-build)
[debug]           Load.loadUnit: loadedProjectsRaw took 3331.8216ms
[debug]           Load.loadUnit: cleanEvalClasses took 15.1515ms
[debug]         Load.loadUnit(file:/G:/Documenti/Università/V%20Anno/Systemes%20distribué/systeme-distribues/dist_make/project/, ...) took 3379.0114ms
[debug]       Load.apply: load took 3381.0978ms
[debug]       Load.apply: resolveProjects took 0.1261ms
[debug]       Load.apply: finalTransforms took 53.248ms
[debug]       Load.apply: config.delegates took 0.3947ms
[debug]       Load.apply: Def.make(settings)... took 138.8891ms
[debug]       Load.apply: structureIndex took 53.2038ms
[debug]       Load.apply: mkStreams took 0.0038ms
[info] loading project definition from G:\Documenti\Università\V Anno\Systemes distribué\systeme-distribues\dist_make\project
[debug] Running task... Cancel: Signal, check cycles: false, forcegc: true
[debug]     Load.loadUnit: plugins took 5684.1869ms
[debug]     Load.loadUnit: defsScala took 0.0038ms
[debug] [Loading] Scanning directory G:\Documenti\Università\V Anno\Systemes distribué\systeme-distribues\dist_make
[debug]       Load.loadUnit: mkEval took 0.3429ms
[debug] [Loading] Found non-root projects 
[debug] [Loading] Done in G:\Documenti\Università\V Anno\Systemes distribué\systeme-distribues\dist_make, returning: ()
[debug] deducing auto plugins based on known facts Set(Atom(sbt.plugins.CorePlugin)) and clauses Clauses(List(Clause(Atom(sbt.plugins.JvmPlugin),Set(Atom(sbt.plugins.IvyPlugin))), Clause(Atom(sbt.ScriptedPlugin),Set(Atom(sbt.plugins.JvmPlugin))), Clause(Atom(sbt.plugins.SbtPlugin),Set(Atom(sbt.ScriptedPlugin))), Clause(Atom(sbt.plugins.SemanticdbPlugin),Set(Atom(sbt.plugins.JvmPlugin))), Clause(Atom(sbt.plugins.JUnitXmlReportPlugin),Set(Atom(sbt.plugins.JvmPlugin))), Clause(Atom(sbt.plugins.MiniDependencyTreePlugin),Set(Atom(sbt.plugins.JvmPlugin))), Clause(Atom(sbtide.ConfigPlugin),Set(Atom(sbt.plugins.JvmPlugin))), Clause(Atom(org.jetbrains.sbt.StructurePlugin),Set(Atom(sbt.plugins.JvmPlugin))), Clause(Atom(org.jetbrains.sbt.IdeaShellPlugin),Set(Atom(sbt.plugins.JvmPlugin))), Clause(Atom(org.jetbrains.sbt.indices.SbtIntellijIndicesPlugin),Set(Atom(sbt.plugins.JvmPlugin))), Clause(Atom(sbt.plugins.CorePlugin),Set(Atom(sbt.plugins.IvyPlugin))), Clause(Atom(sbt.plugins.IvyPlugin),Set(Atom(sbt.plugins.JvmPlugin))), Clause(Atom(sbt.plugins.JvmPlugin),Set(Atom(sbt.plugins.SemanticdbPlugin))), Clause(Atom(sbt.plugins.JvmPlugin),Set(Atom(sbt.plugins.JUnitXmlReportPlugin))), Clause(Atom(sbt.plugins.CorePlugin),Set(Atom(sbt.plugins.Giter8TemplatePlugin))), Clause(Atom(sbt.plugins.JvmPlugin),Set(Atom(sbt.plugins.MiniDependencyTreePlugin))), Clause(Atom(sbt.plugins.JvmPlugin),Set(Atom(org.jetbrains.sbt.StructurePlugin))), Clause(Atom(sbt.plugins.JvmPlugin),Set(Atom(org.jetbrains.sbt.IdeaShellPlugin))), Clause(And(Set(Atom(sbt.plugins.CorePlugin), Atom(sbt.plugins.JvmPlugin))),Set(Atom(org.jetbrains.sbt.indices.SbtIntellijIndicesPlugin)))))
[debug]   :: deduced result: Matched(sbt.plugins.CorePlugin,sbt.plugins.Giter8TemplatePlugin,sbt.plugins.IvyPlugin,sbt.plugins.JvmPlugin,sbt.plugins.SemanticdbPlugin,org.jetbrains.sbt.indices.SbtIntellijIndicesPlugin,sbt.plugins.JUnitXmlReportPlugin,org.jetbrains.sbt.IdeaShellPlugin,org.jetbrains.sbt.StructurePlugin,sbt.plugins.MiniDependencyTreePlugin)
[debug] Plugins.deducer#function took 4.5086 ms
[info] loading settings for project dist_make from build.sbt ...
[debug]         Load.resolveProject(dist_make) took 93.7987ms
[debug]       Load.loadTransitive: finalizeProject(Project(id dist_make, base: G:\Documenti\Università\V Anno\Systemes distribué\systeme-distribues\dist_make, plugins: List(<none>))) took 100.7338ms
[debug] [Loading] Done in G:\Documenti\Università\V Anno\Systemes distribué\systeme-distribues\dist_make, returning: (dist_make)
[debug]     Load.loadUnit: loadedProjectsRaw took 2327.736ms
[debug]     Load.loadUnit: cleanEvalClasses took 159.7396ms
[debug]   Load.loadUnit(file:/G:/Documenti/Università/V%20Anno/Systemes%20distribué/systeme-distribues/dist_make/, ...) took 8173.0953ms
[debug] Load.apply: load took 8177.7777ms
[debug] Load.apply: resolveProjects took 0.1352ms
[debug] Load.apply: finalTransforms took 37.5656ms
[debug] Load.apply: config.delegates took 0.6893ms
[debug] Load.apply: Def.make(settings)... took 138.1681ms
[debug] Load.apply: structureIndex took 47.7788ms
[debug] Load.apply: mkStreams took 0.0035ms
[info] set current project to dist_make (in build file:/G:/Documenti/Università/V%20Anno/Systemes%20distribué/systeme-distribues/dist_make/)
[debug] > Exec(sbtPopOnFailure, None, None)
[debug] > Exec(resumeFromFailure, None, None)
[debug] > Exec(notifyUsersAboutShell, None, None)
[debug] > Exec(iflast shell, None, None)
[debug] > Exec(; set ideaPort in Global := 49322 ; idea-shell, None, None)
[debug] > Exec(set ideaPort in Global := 49322, None, None)
[info] Defining Global / ideaPort
[info] The new value will be used by Compile / compile, Test / compile
[debug] Defining 
[debug] 	Global / ideaPort
[debug] 
[debug] The new value will be used by 
[debug] 	Compile / compile
[debug] 	Test / compile
[info] Reapplying settings...
[info] set current project to dist_make (in build file:/G:/Documenti/Università/V%20Anno/Systemes%20distribué/systeme-distribues/dist_make/)
[debug] > Exec(idea-shell, None, None)
